[debug] [2023-12-12T17:08:14.565Z] ----------------------------------------------------------------------
[debug] [2023-12-12T17:08:14.568Z] Command:       C:\Program Files\nodejs\node.exe C:\Users\Badar\AppData\Roaming\npm\node_modules\firebase-tools\lib\bin\firebase.js deploy --debug
[debug] [2023-12-12T17:08:14.568Z] CLI Version:   12.7.0
[debug] [2023-12-12T17:08:14.568Z] Platform:      win32
[debug] [2023-12-12T17:08:14.568Z] Node Version:  v16.18.0
[debug] [2023-12-12T17:08:14.569Z] Time:          Tue Dec 12 2023 22:08:14 GMT+0500 (Pakistan Standard Time)
[debug] [2023-12-12T17:08:14.570Z] ----------------------------------------------------------------------
[debug] 
[debug] [2023-12-12T17:08:14.648Z] > command requires scopes: ["email","openid","https://www.googleapis.com/auth/cloudplatformprojects.readonly","https://www.googleapis.com/auth/firebase","https://www.googleapis.com/auth/cloud-platform"]
[debug] [2023-12-12T17:08:14.650Z] > authorizing via signed-in user (blegal069@gmail.com)
[debug] [2023-12-12T17:08:14.650Z] [iam] checking project testpro-008 for permissions ["firebase.projects.get","firebasehosting.sites.update"]
[debug] [2023-12-12T17:08:14.653Z] >>> [apiv2][query] POST https://cloudresourcemanager.googleapis.com/v1/projects/testpro-008:testIamPermissions [none]
[debug] [2023-12-12T17:08:14.654Z] >>> [apiv2][(partial)header] POST https://cloudresourcemanager.googleapis.com/v1/projects/testpro-008:testIamPermissions x-goog-quota-user=projects/testpro-008
[debug] [2023-12-12T17:08:14.655Z] >>> [apiv2][body] POST https://cloudresourcemanager.googleapis.com/v1/projects/testpro-008:testIamPermissions {"permissions":["firebase.projects.get","firebasehosting.sites.update"]}
[debug] [2023-12-12T17:08:17.602Z] <<< [apiv2][status] POST https://cloudresourcemanager.googleapis.com/v1/projects/testpro-008:testIamPermissions 200
[debug] [2023-12-12T17:08:17.604Z] <<< [apiv2][body] POST https://cloudresourcemanager.googleapis.com/v1/projects/testpro-008:testIamPermissions {"permissions":["firebase.projects.get","firebasehosting.sites.update"]}
[debug] [2023-12-12T17:08:17.610Z] >>> [apiv2][query] GET https://firebase.googleapis.com/v1beta1/projects/testpro-008 [none]
[debug] [2023-12-12T17:08:18.224Z] <<< [apiv2][status] GET https://firebase.googleapis.com/v1beta1/projects/testpro-008 200
[debug] [2023-12-12T17:08:18.226Z] <<< [apiv2][body] GET https://firebase.googleapis.com/v1beta1/projects/testpro-008 {"projectId":"testpro-008","projectNumber":"204502448872","displayName":"blogWebsite","name":"projects/testpro-008","resources":{"hostingSite":"testpro-008","realtimeDatabaseInstance":"testpro-008-default-rtdb","storageBucket":"testpro-008.appspot.com","locationId":"us-central"},"state":"ACTIVE","etag":"1_0d84263f-2ec1-44e5-8f81-8a82714c4348"}
[info] 
[info] === Deploying to 'testpro-008'...
[info] 
[info] i  deploying hosting 
[debug] [2023-12-12T17:08:18.253Z] >>> [apiv2][query] POST https://firebasehosting.googleapis.com/v1beta1/projects/-/sites/testpro-008/versions [none]
[debug] [2023-12-12T17:08:18.255Z] >>> [apiv2][body] POST https://firebasehosting.googleapis.com/v1beta1/projects/-/sites/testpro-008/versions {"status":"CREATED","labels":{"deployment-tool":"cli-firebase"}}
[debug] [2023-12-12T17:08:20.958Z] <<< [apiv2][status] POST https://firebasehosting.googleapis.com/v1beta1/projects/-/sites/testpro-008/versions 200
[debug] [2023-12-12T17:08:20.960Z] <<< [apiv2][body] POST https://firebasehosting.googleapis.com/v1beta1/projects/-/sites/testpro-008/versions {"name":"projects/204502448872/sites/testpro-008/versions/d610e4c8917003cd","status":"CREATED","config":{},"labels":{"deployment-tool":"cli-firebase"}}
[info] i  hosting[testpro-008]: beginning deploy... 
[info] i  hosting[testpro-008]: found 21 files in build 
[debug] [2023-12-12T17:08:21.015Z] [hosting] uploading with 200 concurrency
[debug] [2023-12-12T17:08:21.042Z] [hosting] hash cache [YnVpbGQ] stored for 21 files
[debug] [2023-12-12T17:08:21.044Z] [hosting][hash queue][FINAL] {"max":11,"min":1,"avg":1,"active":0,"complete":21,"success":21,"errored":0,"retried":0,"total":21,"elapsed":21}
[debug] [2023-12-12T17:08:21.046Z] >>> [apiv2][query] POST https://firebasehosting.googleapis.com/v1beta1/projects/204502448872/sites/testpro-008/versions/d610e4c8917003cd:populateFiles [none]
[debug] [2023-12-12T17:08:21.047Z] >>> [apiv2][body] POST https://firebasehosting.googleapis.com/v1beta1/projects/204502448872/sites/testpro-008/versions/d610e4c8917003cd:populateFiles {"files":{"/asset-manifest.json":"2a12e5e062c9d9d49749849e636eee5f4bf4f1b8a66fc6cc63efa5eb96868a60","/favicon.ico":"eae62e993eb980ec8a25058c39d5a51feab118bd2100c4deebb2a9c158ec11f9","/index.html":"5063663eecb064e1d4b93d870cc9b24bd45cb5bb1ca96d22f8cfb473c12a5124","/logo192.png":"3ee59515172ee198f3be375979df15ac5345183e656720a381b8872b2a39dc8b","/logo512.png":"ee7e2f3fdb8209c4b6fd7bef6ba50d1b9dba30a25bb5c3126df057e1cb6f5331","/manifest.json":"aff3449bdc238776f5d6d967f19ec491b36aed5fb7f23ccff6500736fd58494a","/robots.txt":"bfe106a3fb878dc83461c86818bf74fc1bdc7f28538ba613cd3e775516ce8b49","/static/css/main.587a8ed8.css":"cbdae766841189cbd5e4180e59e1a448ddafd423012d7c293da377af2e16c42e","/static/css/main.587a8ed8.css.map":"fc09021a4ab738c8308ed6d402db6518b248b7d8f666607f0aa77ece30b69d3e","/static/js/main.e209cda3.js":"d429b89408055987483979fe329dddf82c2ac83c8c8b4cc09d879c40cd87eca8","/static/js/main.e209cda3.js.LICENSE.txt":"5348b63269430d45cff5e7f3cdd13b9d4e3ff296b3939cf744a49a441552bbb7","/static/js/main.e209cda3.js.map":"66a9f63828924c25e9e03d2e2939afd20ff47bba1af99ecb9399c9befdf268d4","/static/media/author.5db892f6e011e1ea16bd.jpg":"7f52d981371f7a2f91576216a6727ea0a2b23fabf4a2be84feb0da0f23c35297","/static/media/error.2be2316913372bdb65fc.png":"4db94c3286f16972d1744c50411636829f8871e45cbfeaea24c9bc4c3905382f","/static/media/forward.879cf3ba5caa01a387c3.jpg":"532a441e1b4becbe4a000c19d685706062348c23e40c134d902e550d33d41da2","/static/media/post-img-2.a5a7f5970dd8a7a46e8a.jpg":"16335f72a658dfdb3adfa85a07abe50be3016a4154ab84acd5741dd3a67208c9","/static/media/post-img-3.84f7957a6fbb6cc78137.jpg":"4c89c4f10988ef62c6979d9551873aa5957341b732476bf3ac7d22aeccbda787","/static/media/post-img-4.3a4518446703667d7654.jpg":"60acd4f28bf7fd25a7ebb1a6b1b23a7b949ae716f9d898d32615d7b8949a311b","/static/media/post-img.b35f717c2e61ce7155af.jpg":"ce614d9d839f77e5c9360bc617ecff81ed4030f3d0df87b91c65631aac87d93c","/static/media/prev.d98cba5dc89498cfd4cf.jpg":"55a7c96b3fd99c9e01cc0a0f7c9ae76ada3df941906e4071b16bd6174d769599","/static/media/profile.402735148e12399f4fb4.png":"7f7864b347e4e22217a61239dfaef7ba2f20c75526d4cb53cf41911789eeff8c"}}
[info] i  hosting: adding files to version [0/21] (0%) 
[debug] [2023-12-12T17:08:23.108Z] <<< [apiv2][status] POST https://firebasehosting.googleapis.com/v1beta1/projects/204502448872/sites/testpro-008/versions/d610e4c8917003cd:populateFiles 200
[debug] [2023-12-12T17:08:23.109Z] <<< [apiv2][body] POST https://firebasehosting.googleapis.com/v1beta1/projects/204502448872/sites/testpro-008/versions/d610e4c8917003cd:populateFiles {"uploadUrl":"https://upload-firebasehosting.googleapis.com/upload/sites/testpro-008/versions/d610e4c8917003cd/files"}
[debug] [2023-12-12T17:08:23.112Z] [hosting][populate queue][FINAL] {"max":2073,"min":2073,"avg":2073,"active":0,"complete":1,"success":1,"errored":0,"retried":0,"total":1,"elapsed":2075}
[debug] [2023-12-12T17:08:23.113Z] [hosting] uploads queued: 0
[debug] [2023-12-12T17:08:23.115Z] [hosting][upload queue][FINAL] {"max":0,"min":9999999999,"avg":0,"active":0,"complete":0,"success":0,"errored":0,"retried":0,"total":0,"elapsed":1702400903115}
[info] i  hosting: upload complete 
[info] +  hosting[testpro-008]: file upload complete 
[debug] [2023-12-12T17:08:23.119Z] [hosting] deploy completed after 2152ms
[debug] [2023-12-12T17:08:23.122Z] [
  {
    "config": {
      "public": "build",
      "ignore": [
        "firebase.json",
        "**/.*",
        "**/node_modules/**"
      ],
      "rewrites": [
        {
          "source": "**",
          "destination": "/index.html"
        }
      ],
      "site": "testpro-008"
    },
    "version": "projects/204502448872/sites/testpro-008/versions/d610e4c8917003cd"
  }
]
[info] i  hosting[testpro-008]: finalizing version... 
[debug] [2023-12-12T17:08:23.140Z] >>> [apiv2][query] PATCH https://firebasehosting.googleapis.com/v1beta1/projects/-/sites/testpro-008/versions/d610e4c8917003cd updateMask=status%2Cconfig
[debug] [2023-12-12T17:08:23.142Z] >>> [apiv2][body] PATCH https://firebasehosting.googleapis.com/v1beta1/projects/-/sites/testpro-008/versions/d610e4c8917003cd {"status":"FINALIZED","config":{"rewrites":[{"glob":"**","path":"/index.html"}]}}
[debug] [2023-12-12T17:08:26.053Z] <<< [apiv2][status] PATCH https://firebasehosting.googleapis.com/v1beta1/projects/-/sites/testpro-008/versions/d610e4c8917003cd 200
[debug] [2023-12-12T17:08:26.054Z] <<< [apiv2][body] PATCH https://firebasehosting.googleapis.com/v1beta1/projects/-/sites/testpro-008/versions/d610e4c8917003cd {"name":"projects/204502448872/sites/testpro-008/versions/d610e4c8917003cd","status":"FINALIZED","config":{"rewrites":[{"glob":"**","path":"/index.html"}]},"labels":{"deployment-tool":"cli-firebase"},"createTime":"2023-12-12T17:08:19.961121Z","createUser":{"email":"blegal069@gmail.com"},"finalizeTime":"2023-12-12T17:08:25.481586Z","finalizeUser":{"email":"blegal069@gmail.com"}}
[debug] [2023-12-12T17:08:26.056Z] [hosting] finalized version for testpro-008:[object Object]
[info] +  hosting[testpro-008]: version finalized 
[info] i  hosting[testpro-008]: releasing new version... 
[debug] [2023-12-12T17:08:26.061Z] >>> [apiv2][query] POST https://firebasehosting.googleapis.com/v1beta1/projects/-/sites/testpro-008/channels/live/releases versionName=projects%2F204502448872%2Fsites%2Ftestpro-008%2Fversions%2Fd610e4c8917003cd
[debug] [2023-12-12T17:08:26.062Z] >>> [apiv2][body] POST https://firebasehosting.googleapis.com/v1beta1/projects/-/sites/testpro-008/channels/live/releases {}
[debug] [2023-12-12T17:08:28.409Z] <<< [apiv2][status] POST https://firebasehosting.googleapis.com/v1beta1/projects/-/sites/testpro-008/channels/live/releases 200
[debug] [2023-12-12T17:08:28.411Z] <<< [apiv2][body] POST https://firebasehosting.googleapis.com/v1beta1/projects/-/sites/testpro-008/channels/live/releases {"name":"projects/204502448872/sites/testpro-008/channels/live/releases/1702400907179000","version":{"name":"projects/204502448872/sites/testpro-008/versions/d610e4c8917003cd","status":"FINALIZED","config":{"rewrites":[{"glob":"**","path":"/index.html"}]},"labels":{"deployment-tool":"cli-firebase"},"createTime":"2023-12-12T17:08:19.961121Z","createUser":{"email":"blegal069@gmail.com","imageUrl":"https://lh3.googleusercontent.com/a/ACg8ocKn9oXtj6dhK0pKGz-VDp8K3X3YGze19YzuIJMBbRDtK2Q"},"finalizeTime":"2023-12-12T17:08:25.481586Z","finalizeUser":{"email":"blegal069@gmail.com","imageUrl":"https://lh3.googleusercontent.com/a/ACg8ocKn9oXtj6dhK0pKGz-VDp8K3X3YGze19YzuIJMBbRDtK2Q"}},"type":"DEPLOY","releaseTime":"2023-12-12T17:08:27.179Z","releaseUser":{"email":"blegal069@gmail.com","imageUrl":"https://lh3.googleusercontent.com/a/ACg8ocKn9oXtj6dhK0pKGz-VDp8K3X3YGze19YzuIJMBbRDtK2Q"}}
[debug] [2023-12-12T17:08:28.414Z] [hosting] release: {"name":"projects/204502448872/sites/testpro-008/channels/live/releases/1702400907179000","version":{"name":"projects/204502448872/sites/testpro-008/versions/d610e4c8917003cd","status":"FINALIZED","config":{"rewrites":[{"glob":"**","path":"/index.html"}]},"labels":{"deployment-tool":"cli-firebase"},"createTime":"2023-12-12T17:08:19.961121Z","createUser":{"email":"blegal069@gmail.com","imageUrl":"https://lh3.googleusercontent.com/a/ACg8ocKn9oXtj6dhK0pKGz-VDp8K3X3YGze19YzuIJMBbRDtK2Q"},"finalizeTime":"2023-12-12T17:08:25.481586Z","finalizeUser":{"email":"blegal069@gmail.com","imageUrl":"https://lh3.googleusercontent.com/a/ACg8ocKn9oXtj6dhK0pKGz-VDp8K3X3YGze19YzuIJMBbRDtK2Q"}},"type":"DEPLOY","releaseTime":"2023-12-12T17:08:27.179Z","releaseUser":{"email":"blegal069@gmail.com","imageUrl":"https://lh3.googleusercontent.com/a/ACg8ocKn9oXtj6dhK0pKGz-VDp8K3X3YGze19YzuIJMBbRDtK2Q"}}
[info] +  hosting[testpro-008]: release complete 
[info] 
[info] +  Deploy complete! 
[info] 
[info] Project Console: https://console.firebase.google.com/project/testpro-008/overview
[info] Hosting URL: https://testpro-008.web.app
